<?xml version="1.0" encoding="UTF-8"?>
<testng-results ignored="0" total="1" passed="1" failed="0" skipped="0">
  <reporter-output>
    <line>
      <![CDATA[CreateCustomer]]>
    </line>
  </reporter-output>
  <suite started-at="2021-12-18T07:36:24Z" name="Suite" finished-at="2021-12-18T07:36:24Z" duration-ms="40">
    <groups>
    </groups>
    <test started-at="2021-12-18T07:36:24Z" name="Test" finished-at="2021-12-18T07:36:24Z" duration-ms="40">
      <class name="com.actitime.testscript.CreateCustomerModule">
        <test-method signature="testCreateCustomer()[pri:0, instance:com.actitime.testscript.CreateCustomerModule@71e9ebae]" started-at="2021-12-18T07:36:24Z" name="testCreateCustomer" finished-at="2021-12-18T07:36:24Z" duration-ms="12" status="PASS">
          <reporter-output>
            <line>
              <![CDATA[CreateCustomer]]>
            </line>
          </reporter-output>
        </test-method> <!-- testCreateCustomer -->
      </class> <!-- com.actitime.testscript.CreateCustomerModule -->
    </test> <!-- Test -->
  </suite> <!-- Suite -->
</testng-results>
